Z:\iGEM\Microfluidics\TheOlfactoryChip\SyringeHolder_2.0.dwg,Model,2019/1/17 19:32:20,qblab-hf,VLS2.30,User-Defined LANDSCAPE,1:1,
Z:\iGEM\Microfluidics\TheOlfactoryChip\SyringeHolder_2.0.dwg,Model,2019/1/17 19:33:10,qblab-hf,VLS2.30,User-Defined LANDSCAPE,1:2,
Z:\iGEM\Microfluidics\TheOlfactoryChip\SyringeHolder_2.0.dwg,Model,2019/1/17 19:34:20,qblab-hf,VLS2.30,User-Defined LANDSCAPE,1:1,
Z:\hf\零件2.DWG,Model,2019/1/17 19:43:34,qblab-hf,VLS2.30,User-Defined LANDSCAPE,1:1,
Z:\hf\零件2.DWG,Model,2019/1/17 19:43:58,qblab-hf,VLS2.30,User-Defined LANDSCAPE,1:1,
Z:\hf\零件2.DWG,Model,2019/1/17 19:44:25,qblab-hf,VLS2.30,User-Defined LANDSCAPE,1:1,
Z:\hf\零件2.DWG,Model,2019/1/17 19:45:05,qblab-hf,VLS2.30,User-Defined LANDSCAPE,1:1,
Z:\hf\零件2.DWG,Model,2019/1/17 19:48:56,qblab-hf,VLS2.30,User-Defined LANDSCAPE,1:16,
Z:\hf\零件2.DWG,Model,2019/1/17 19:51:38,qblab-hf,VLS2.30,User-Defined LANDSCAPE,1:1,
Z:\iGEM\Microfluidics\TheOlfactoryChip\part1.dxf,Model,2019/1/19 21:46:28,qblab-hf,VLS2.30,User-Defined LANDSCAPE,1:1,
Z:\iGEM\Microfluidics\TheOlfactoryChip\part1.dxf,Model,2019/1/19 21:47:10,qblab-hf,VLS2.30,User-Defined LANDSCAPE,1:1,
Z:\iGEM\Microfluidics\TheOlfactoryChip\part1.dxf,Model,2019/1/19 21:48:11,qblab-hf,VLS2.30,User-Defined LANDSCAPE,1:1,
Z:\iGEM\Microfluidics\TheOlfactoryChip\part1.dxf,Model,2019/1/19 21:48:48,qblab-hf,VLS2.30,User-Defined LANDSCAPE,1:1,
Z:\iGEM\Microfluidics\TheOlfactoryChip\part1.dxf,Model,2019/1/19 21:49:07,qblab-hf,VLS2.30,User-Defined LANDSCAPE,1:1,
Z:\iGEM\Microfluidics\TheOlfactoryChip\part1.dxf,Model,2019/1/19 21:49:54,qblab-hf,VLS2.30,User-Defined LANDSCAPE,1:1,
Z:\iGEM\Microfluidics\TheOlfactoryChip\part1.dxf,Model,2019/1/19 21:50:13,qblab-hf,VLS2.30,User-Defined LANDSCAPE,1:1,
Z:\iGEM\Microfluidics\TheOlfactoryChip\合.dxf,Model,2019/1/19 22:05:10,qblab-hf,VLS2.30,User-Defined LANDSCAPE,1:1,
Z:\iGEM\Microfluidics\TheOlfactoryChip\连.dxf,Model,2019/1/19 22:21:53,qblab-hf,VLS2.30,User-Defined LANDSCAPE,1:1,
Z:\iGEM\Microfluidics\TheOlfactoryChip\连.dxf,Model,2019/1/19 22:40:43,qblab-hf,VLS2.30,User-Defined LANDSCAPE,1:1,
Z:\iGEM\Microfluidics\TheOlfactoryChip\合.dxf,Model,2019/1/20 8:18:32,qblab-hf,VLS2.30,User-Defined LANDSCAPE,1:1,
Z:\iGEM\Microfluidics\TheOlfactoryChip\合.dxf,Model,2019/1/20 8:19:22,qblab-hf,VLS2.30,User-Defined LANDSCAPE,1:1,
Z:\iGEM\Microfluidics\TheOlfactoryChip\合.dxf,Model,2019/1/20 8:20:10,qblab-hf,VLS2.30,User-Defined LANDSCAPE,1:1,
Z:\iGEM\Microfluidics\TheOlfactoryChip\合.dxf,Model,2019/1/20 8:22:57,qblab-hf,VLS2.30,User-Defined LANDSCAPE,1:1,
Z:\iGEM\Microfluidics\TheOlfactoryChip\合.dxf,Model,2019/1/20 8:37:44,qblab-hf,VLS2.30,User-Defined LANDSCAPE,1:1,
Z:\iGEM\Microfluidics\TheOlfactoryChip\合.dxf,Model,2019/1/20 9:09:58,qblab-hf,VLS2.30,User-Defined LANDSCAPE,1:1,
Z:\iGEM\Microfluidics\TheOlfactoryChip\合.dxf,Model,2019/1/20 9:11:42,qblab-hf,VLS2.30,User-Defined LANDSCAPE,1:1,
Z:\iGEM\Microfluidics\TheOlfactoryChip\合.dxf,Model,2019/1/20 9:16:35,qblab-hf,VLS2.30,User-Defined LANDSCAPE,1:1,
Z:\iGEM\Microfluidics\TheOlfactoryChip\合.dxf,Model,2019/1/20 9:25:18,qblab-hf,VLS2.30,User-Defined LANDSCAPE,1:1,
Z:\iGEM\Microfluidics\TheOlfactoryChip\合.dxf,Model,2019/1/20 9:26:44,qblab-hf,VLS2.30,User-Defined LANDSCAPE,1:1,
Z:\iGEM\Microfluidics\TheOlfactoryChip\合.dxf,Model,2019/1/20 9:27:18,qblab-hf,VLS2.30,User-Defined LANDSCAPE,1:1,
Z:\iGEM\Microfluidics\TheOlfactoryChip\合.dxf,Model,2019/1/20 9:34:13,qblab-hf,VLS2.30,User-Defined LANDSCAPE,1:1,
Z:\iGEM\Microfluidics\TheOlfactoryChip\合.dxf,Model,2019/1/21 20:10:14,qblab-hf,VLS2.30,User-Defined LANDSCAPE,1:1,
Z:\iGEM\Microfluidics\TheOlfactoryChip\合.dxf,Model,2019/1/21 20:18:05,qblab-hf,VLS2.30,User-Defined LANDSCAPE,1:1,
Z:\iGEM\Microfluidics\TheOlfactoryChip\合.dxf,Model,2019/1/21 20:20:50,qblab-hf,VLS2.30,User-Defined LANDSCAPE,1:1,
Z:\iGEM\Microfluidics\TheOlfactoryChip\合.dxf,Model,2019/1/21 20:39:58,qblab-hf,VLS2.30,User-Defined LANDSCAPE,1:1,
Z:\iGEM\Microfluidics\TheOlfactoryChip\合.dxf,Model,2019/1/21 20:57:30,qblab-hf,VLS2.30,User-Defined LANDSCAPE,1:1,
Z:\iGEM\Microfluidics\TheOlfactoryChip\合.dxf,Model,2019/1/21 20:57:48,qblab-hf,VLS2.30,User-Defined LANDSCAPE,1:1,
Z:\iGEM\Microfluidics\TheOlfactoryChip\合.dxf,Model,2019/1/21 20:58:00,qblab-hf,VLS2.30,User-Defined LANDSCAPE,1:1,
Z:\iGEM\Microfluidics\TheOlfactoryChip\合.dxf,Model,2019/1/21 21:08:33,qblab-hf,VLS2.30,User-Defined LANDSCAPE,1:1,
Z:\iGEM\Microfluidics\TheOlfactoryChip\合.dxf,Model,2019/1/21 21:08:56,qblab-hf,VLS2.30,User-Defined LANDSCAPE,1:1,
Z:\iGEM\Microfluidics\TheOlfactoryChip\合.dxf,Model,2019/1/21 21:09:44,qblab-hf,VLS2.30,User-Defined LANDSCAPE,1:1,
Z:\iGEM\Microfluidics\TheOlfactoryChip\合.dxf,Model,2019/1/21 21:17:09,qblab-hf,VLS2.30,User-Defined LANDSCAPE,1:1,
Z:\iGEM\Microfluidics\TheOlfactoryChip\合_20190122.dxf,Model,2019/1/22 21:25:50,qblab-hf,VLS2.30,User-Defined LANDSCAPE,1:0.674916,
Z:\iGEM\Microfluidics\TheOlfactoryChip\合_20190122.dxf,Model,2019/1/22 21:26:43,qblab-hf,VLS2.30,User-Defined LANDSCAPE,1:1,
Z:\iGEM\Microfluidics\TheOlfactoryChip\合_20190122.dxf,Model,2019/1/22 21:49:01,qblab-hf,VLS2.30,User-Defined LANDSCAPE,1:1,
Z:\iGEM\Microfluidics\TheOlfactoryChip\合_20190122.dxf,Model,2019/1/22 21:52:24,qblab-hf,VLS2.30,User-Defined LANDSCAPE,1:1,
Z:\iGEM\Microfluidics\TheOlfactoryChip\合_20190122.dxf,Model,2019/1/22 21:53:08,qblab-hf,VLS2.30,User-Defined LANDSCAPE,1:1,
Z:\iGEM\Microfluidics\TheOlfactoryChip\合_20190122.dxf,Model,2019/1/22 21:53:49,qblab-hf,VLS2.30,User-Defined LANDSCAPE,1:1,
Z:\iGEM\Microfluidics\TheOlfactoryChip\合_20190122.dxf,Model,2019/1/22 22:06:31,qblab-hf,VLS2.30,User-Defined LANDSCAPE,1:1,
Z:\iGEM\Microfluidics\TheOlfactoryChip\合_20190122.dxf,Model,2019/1/22 22:16:47,qblab-hf,VLS2.30,User-Defined LANDSCAPE,1:1,
Z:\iGEM\Microfluidics\TheOlfactoryChip\合_20190122.dxf,Model,2019/1/22 22:17:52,qblab-hf,VLS2.30,User-Defined LANDSCAPE,1:1,
Z:\iGEM\Microfluidics\TheOlfactoryChip\合_20190122.dxf,Model,2019/1/22 22:20:12,qblab-hf,VLS2.30,User-Defined LANDSCAPE,1:1,
Z:\iGEM\Microfluidics\TheOlfactoryChip\合_20190122.dxf,Model,2019/1/22 22:30:35,qblab-hf,VLS2.30,User-Defined LANDSCAPE,1:1,
Z:\iGEM\Microfluidics\TheOlfactoryChip\合_20190122.dxf,Model,2019/1/22 22:32:18,qblab-hf,VLS2.30,User-Defined LANDSCAPE,1:1,
Z:\iGEM\Microfluidics\TheOlfactoryChip\合_20190122.dxf,Model,2019/1/22 22:32:28,qblab-hf,VLS2.30,User-Defined LANDSCAPE,1:1,
Z:\iGEM\Microfluidics\TheOlfactoryChip\合_20190122.dxf,Model,2019/1/22 22:57:30,qblab-hf,VLS2.30,User-Defined LANDSCAPE,1:1,
Z:\iGEM\Microfluidics\TheOlfactoryChip\合_20190122.dxf,Model,2019/1/22 23:10:51,qblab-hf,VLS2.30,User-Defined LANDSCAPE,1:1,
Z:\iGEM\Microfluidics\TheOlfactoryChip\合_20190122.dxf,Model,2019/1/22 23:13:10,qblab-hf,VLS2.30,User-Defined LANDSCAPE,1:1,
Z:\iGEM\Microfluidics\TheOlfactoryChip\合_20190122.dxf,Model,2019/1/22 23:18:18,qblab-hf,VLS2.30,User-Defined LANDSCAPE,1:1,
Z:\iGEM\Microfluidics\TheOlfactoryChip\合_20190122.dxf,Model,2019/1/22 23:23:13,qblab-hf,VLS2.30,User-Defined LANDSCAPE,1:1,
Z:\iGEM\Microfluidics\TheOlfactoryChip\合_20190122.dxf,Model,2019/1/22 23:31:52,qblab-hf,VLS2.30,User-Defined LANDSCAPE,1:1,
Z:\iGEM\Microfluidics\TheOlfactoryChip\合_20190122.dxf,Model,2019/1/22 23:46:02,qblab-hf,VLS2.30,User-Defined LANDSCAPE,1:1,
Z:\iGEM\Microfluidics\TheOlfactoryChip\合_20190122.dxf,Model,2019/1/22 23:46:16,qblab-hf,VLS2.30,User-Defined LANDSCAPE,1:1,
Z:\iGEM\Microfluidics\TheOlfactoryChip\合_20190123.dxf,Model,2019/1/23 0:04:42,qblab-hf,VLS2.30,User-Defined LANDSCAPE,1:1,
Z:\iGEM\Microfluidics\TheOlfactoryChip\合_20190123.dxf,Model,2019/1/23 0:05:09,qblab-hf,VLS2.30,User-Defined LANDSCAPE,1:1,
Z:\iGEM\Microfluidics\TheOlfactoryChip\合_20190123.dxf,Model,2019/1/23 0:17:24,qblab-hf,VLS2.30,User-Defined LANDSCAPE,1:1,
Z:\iGEM\Microfluidics\TheOlfactoryChip\合_20190126.dxf,Model,2019/1/26 18:50:24,qblab-hf,VLS2.30,User-Defined LANDSCAPE,1:1,
Z:\iGEM\Microfluidics\TheOlfactoryChip\合_20190126.dxf,Model,2019/1/26 18:53:34,qblab-hf,VLS2.30,User-Defined LANDSCAPE,1:1,
Z:\iGEM\Microfluidics\TheOlfactoryChip\合_20190126.dxf,Model,2019/1/26 18:56:54,qblab-hf,VLS2.30,User-Defined LANDSCAPE,1:1,
Z:\iGEM\Microfluidics\TheOlfactoryChip\合_20190126.dxf,Model,2019/1/26 19:11:05,qblab-hf,VLS2.30,User-Defined LANDSCAPE,1:1,
Z:\iGEM\Microfluidics\TheOlfactoryChip\合_20190126.dxf,Model,2019/1/26 19:28:06,qblab-hf,VLS2.30,User-Defined LANDSCAPE,1:1,
Z:\iGEM\Microfluidics\TheOlfactoryChip\合_20190126.dxf,Model,2019/1/26 19:37:45,qblab-hf,VLS2.30,User-Defined LANDSCAPE,1:1,
Z:\iGEM\Microfluidics\TheOlfactoryChip\合_20190126.dxf,Model,2019/1/26 19:42:24,qblab-hf,VLS2.30,User-Defined LANDSCAPE,1:1,
